<?xml version="1.0" encoding="UTF-8"?>
<testsuite name="WeatherDataProviderUnitTest" tests="4" skipped="0" failures="0" errors="0" timestamp="2020-07-30T22:08:14" hostname="Mujtabas-MacBook-Pro-2.local" time="14.773">
  <properties/>
  <testcase name="testInvalidRequestWithInvalidLatitudeLongitude" classname="WeatherDataProviderUnitTest" time="6.112"/>
  <testcase name="testInvalidRequestWithInvalidKey" classname="WeatherDataProviderUnitTest" time="1.932"/>
  <testcase name="testValidRequest" classname="WeatherDataProviderUnitTest" time="3.058"/>
  <testcase name="testInvalidCityName" classname="WeatherDataProviderUnitTest" time="3.67"/>
  <system-out><![CDATA[Request Failed with: 
Response code: 400
Response message: Bad Request
Request Failed with: 
Response code: 400
Response message: Bad Request
]]></system-out>
  <system-err><![CDATA[]]></system-err>
</testsuite>
